# JRE version: Java(TM) SE Runtime Environment (8.0_20-b26) (build 1.8.0_20-b26)
# Java VM: Java HotSpot(TM) Client VM (25.20-b23 mixed mode windows-x86 )
Heap:
 def new generation   total 19264K, used 4000K [0x03c00000, 0x050e0000, 0x09150000)
  eden space 17152K,  23% used [0x03c00000, 0x03fe8030, 0x04cc0000)
  from space 2112K,   0% used [0x04cc0000, 0x04cc0000, 0x04ed0000)
  to   space 2112K,   0% used [0x04ed0000, 0x04ed0000, 0x050e0000)
 tenured generation   total 42252K, used 22667K [0x09150000, 0x0ba93000, 0x13c00000)
   the space 42252K,  53% used [0x09150000, 0x0a772d30, 0x0a772e00, 0x0ba93000)
 Metaspace       used 18147K, capacity 18362K, committed 18432K, reserved 18816K
GC Heap History (10 events):
Event: 15.403 GC heap before
{Heap before GC invocations=134 (full 109):
 def new generation   total 19264K, used 288K [0x03c00000, 0x050e0000, 0x09150000)
  eden space 17152K,   1% used [0x03c00000, 0x03c48168, 0x04cc0000)
  from space 2112K,   0% used [0x04cc0000, 0x04cc0000, 0x04ed0000)
  to   space 2112K,   0% used [0x04ed0000, 0x04ed0000, 0x050e0000)
 tenured generation   total 42252K, used 22658K [0x09150000, 0x0ba93000, 0x13c00000)
   the space 42252K,  53% used [0x09150000, 0x0a7708e8, 0x0a770a00, 0x0ba93000)
 Metaspace       used 17990K, capacity 18202K, committed 18304K, reserved 18816K
Event: 15.458 GC heap after
Heap after GC invocations=135 (full 110):
 def new generation   total 19264K, used 0K [0x03c00000, 0x050e0000, 0x09150000)
  eden space 17152K,   0% used [0x03c00000, 0x03c00000, 0x04cc0000)
  from space 2112K,   0% used [0x04cc0000, 0x04cc0000, 0x04ed0000)
  to   space 2112K,   0% used [0x04ed0000, 0x04ed0000, 0x050e0000)
 tenured generation   total 42252K, used 22668K [0x09150000, 0x0ba93000, 0x13c00000)
   the space 42252K,  53% used [0x09150000, 0x0a7731b0, 0x0a773200, 0x0ba93000)
 Metaspace       used 17990K, capacity 18202K, committed 18304K, reserved 18816K
}
Event: 15.460 GC heap before
{Heap before GC invocations=135 (full 110):
 def new generation   total 19264K, used 183K [0x03c00000, 0x050e0000, 0x09150000)
  eden space 17152K,   1% used [0x03c00000, 0x03c2df88, 0x04cc0000)
  from space 2112K,   0% used [0x04cc0000, 0x04cc0000, 0x04ed0000)
  to   space 2112K,   0% used [0x04ed0000, 0x04ed0000, 0x050e0000)
 tenured generation   total 42252K, used 22668K [0x09150000, 0x0ba93000, 0x13c00000)
   the space 42252K,  53% used [0x09150000, 0x0a7731b0, 0x0a773200, 0x0ba93000)
 Metaspace       used 17990K, capacity 18202K, committed 18304K, reserved 18816K
Event: 15.488 GC heap after
Heap after GC invocations=136 (full 111):
 def new generation   total 19264K, used 0K [0x03c00000, 0x050e0000, 0x09150000)
  eden space 17152K,   0% used [0x03c00000, 0x03c00000, 0x04cc0000)
  from space 2112K,   0% used [0x04cc0000, 0x04cc0000, 0x04ed0000)
  to   space 2112K,   0% used [0x04ed0000, 0x04ed0000, 0x050e0000)
 tenured generation   total 42252K, used 22677K [0x09150000, 0x0ba93000, 0x13c00000)
   the space 42252K,  53% used [0x09150000, 0x0a775648, 0x0a775800, 0x0ba93000)
 Metaspace       used 17990K, capacity 18202K, committed 18304K, reserved 18816K
}
Event: 15.488 GC heap before
{Heap before GC invocations=136 (full 111):
 def new generation   total 19264K, used 67K [0x03c00000, 0x050e0000, 0x09150000)
  eden space 17152K,   0% used [0x03c00000, 0x03c10dd0, 0x04cc0000)
  from space 2112K,   0% used [0x04cc0000, 0x04cc0000, 0x04ed0000)
  to   space 2112K,   0% used [0x04ed0000, 0x04ed0000, 0x050e0000)
 tenured generation   total 42252K, used 22677K [0x09150000, 0x0ba93000, 0x13c00000)
   the space 42252K,  53% used [0x09150000, 0x0a775648, 0x0a775800, 0x0ba93000)
 Metaspace       used 17990K, capacity 18202K, committed 18304K, reserved 18816K
Event: 15.514 GC heap after
Heap after GC invocations=137 (full 112):
 def new generation   total 19264K, used 0K [0x03c00000, 0x050e0000, 0x09150000)
  eden space 17152K,   0% used [0x03c00000, 0x03c00000, 0x04cc0000)
  from space 2112K,   0% used [0x04cc0000, 0x04cc0000, 0x04ed0000)
  to   space 2112K,   0% used [0x04ed0000, 0x04ed0000, 0x050e0000)
 tenured generation   total 42252K, used 22657K [0x09150000, 0x0ba93000, 0x13c00000)
   the space 42252K,  53% used [0x09150000, 0x0a770700, 0x0a770800, 0x0ba93000)
 Metaspace       used 17990K, capacity 18202K, committed 18304K, reserved 18816K
}
Event: 15.515 GC heap before
{Heap before GC invocations=137 (full 112):
 def new generation   total 19264K, used 353K [0x03c00000, 0x050e0000, 0x09150000)
  eden space 17152K,   2% used [0x03c00000, 0x03c58708, 0x04cc0000)
  from space 2112K,   0% used [0x04cc0000, 0x04cc0000, 0x04ed0000)
  to   space 2112K,   0% used [0x04ed0000, 0x04ed0000, 0x050e0000)
 tenured generation   total 42252K, used 22657K [0x09150000, 0x0ba93000, 0x13c00000)
   the space 42252K,  53% used [0x09150000, 0x0a770700, 0x0a770800, 0x0ba93000)
 Metaspace       used 17990K, capacity 18202K, committed 18304K, reserved 18816K
Event: 15.539 GC heap after
Heap after GC invocations=138 (full 113):
 def new generation   total 19264K, used 0K [0x03c00000, 0x050e0000, 0x09150000)
  eden space 17152K,   0% used [0x03c00000, 0x03c00000, 0x04cc0000)
  from space 2112K,   0% used [0x04cc0000, 0x04cc0000, 0x04ed0000)
  to   space 2112K,   0% used [0x04ed0000, 0x04ed0000, 0x050e0000)
 tenured generation   total 42252K, used 22667K [0x09150000, 0x0ba93000, 0x13c00000)
   the space 42252K,  53% used [0x09150000, 0x0a772d30, 0x0a772e00, 0x0ba93000)
 Metaspace       used 17990K, capacity 18202K, committed 18304K, reserved 18816K
}
Event: 15.539 GC heap before
{Heap before GC invocations=138 (full 113):
 def new generation   total 19264K, used 0K [0x03c00000, 0x050e0000, 0x09150000)
  eden space 17152K,   0% used [0x03c00000, 0x03c00000, 0x04cc0000)
  from space 2112K,   0% used [0x04cc0000, 0x04cc0000, 0x04ed0000)
  to   space 2112K,   0% used [0x04ed0000, 0x04ed0000, 0x050e0000)
 tenured generation   total 42252K, used 22667K [0x09150000, 0x0ba93000, 0x13c00000)
   the space 42252K,  53% used [0x09150000, 0x0a772d30, 0x0a772e00, 0x0ba93000)
 Metaspace       used 17990K, capacity 18202K, committed 18304K, reserved 18816K
Event: 15.562 GC heap after
Heap after GC invocations=139 (full 114):
 def new generation   total 19264K, used 0K [0x03c00000, 0x050e0000, 0x09150000)
  eden space 17152K,   0% used [0x03c00000, 0x03c00000, 0x04cc0000)
  from space 2112K,   0% used [0x04cc0000, 0x04cc0000, 0x04ed0000)
  to   space 2112K,   0% used [0x04ed0000, 0x04ed0000, 0x050e0000)
 tenured generation   total 42252K, used 22667K [0x09150000, 0x0ba93000, 0x13c00000)
   the space 42252K,  53% used [0x09150000, 0x0a772d30, 0x0a772e00, 0x0ba93000)
 Metaspace       used 17990K, capacity 18202K, committed 18304K, reserved 18816K
}

